;SKIP 1
;TOPMAR 128
;BOTMAR 0
;VSP 4
;KSET DSK:FONTS;20FG KST
MULTIWIRE MEMORY		CADRMW;MW PRT		08-JAN-80  2131
FILNAM.EXT[P,PN]	DATE	   TIME	MODULE(DWG NUM)	REV	AUTHOR
	TITLE 1				PROJECT		NOMENCLATURE
	TITLE 2				SHEET n OF m	BOARD TYPE
	CARD LOC(VARIABLE SETTINGS)	NEXT HIGHER ASSEMBLY

MEMADS.DRW[CAD,RMW]	19-DEC-79  0651				H
	MULTIWIRE MEMORY				L8X30
	ADDRESS SOURCE					L8X30

MEMALH.DRW[CAD,RMW]	19-DEC-79  0414				H
	MULTIWIRE MEMORY				L8X30
	ROW A LEFT					L8X30

MEMARH.DRW[CAD,RMW]	02-JAN-80  1933				H
	MULTIWIRE MEMORY				L8X30
	ROW A RIGHT					L8X30

MEMBLH.DRW[CAD,RMW]	19-DEC-79  0415				H
	MULTIWIRE MEMORY				L8X30
	ROW B LEFT					L8X30

MEMBRH.DRW[CAD,RMW]	02-JAN-80  1935				H
	MULTIWIRE MEMORY				L8X30
	ROW B RIGHT					L8X30

MEMCLH.DRW[CAD,RMW]	19-DEC-79  0415				H
	MULTIWIRE MEMORY				L8X30
	ROW C LEFT					L8X30

MEMCRH.DRW[CAD,RMW]	02-JAN-80  1936				H
	MULTIWIRE MEMORY				L8X30
	ROW C RIGHT					L8X30

MEMCTL.DRW[CAD,RMW]	03-JAN-80  0003				H
	MULTIWIRE MEMORY				L8X30
	CONTROL						L8X30

MEMDLH.DRW[CAD,RMW]	19-DEC-79  0222				H
	MULTIWIRE MEMORY				L8X30
	ROW D LEFT					L8X30

MEMDRH.DRW[CAD,RMW]	02-JAN-80  1936				H
	MULTIWIRE MEMORY				L8X30
	ROW D RIGHT					L8X30

MEMELH.DRW[CAD,RMW]	19-DEC-79  0531				H
	MULTIWIRE MEMORY				L8X30
	ROW D LEFT					L8X30

MEMERH.DRW[CAD,RMW]	02-JAN-80  1936				H
	MULTIWIRE MEMORY				L8X30
	ROW E RIGHT					L8X30

MEMFLH.DRW[CAD,RMW]	03-JAN-80  0009				H
	MULTIWIRE MEMORY				L8X30
	ROW F LEFT					L8X30

MEMFRH.DRW[CAD,RMW]	02-JAN-80  1937				H
	MULTIWIRE MEMORY				L8X30
	ROW F RIGHT					L8X30

MEMHLH.DRW[CAD,RMW]	03-JAN-80  0009				H
	MULTIWIRE MEMORY				L8X30
	ROW H LEFT					L8X30

MEMHRH.DRW[CAD,RMW]	02-JAN-80  1938				H
	MULTIWIRE MEMORY				L8X30
	ROW H RIGHT					L8X30

MEMRAS.DRW[CAD,RMW]	02-JAN-80  2023				H
	MULTIWIRE MEMORY				L8X30
	RAS/CAS						L8X30

îMULTIWIRE MEMORY		CADRMW;MW PRT		08-JAN-80  2131
FILNAM.EXT[P,PN]	DATE	   TIME	MODULE(DWG NUM)	REV	AUTHOR
	TITLE 1				PROJECT		NOMENCLATURE
	TITLE 2				SHEET n OF m	BOARD TYPE
	CARD LOC(VARIABLE SETTINGS)	NEXT HIGHER ASSEMBLY

MEMRES.DRW[CAD,RMW]	19-DEC-79  0647				H
	MULTIWIRE MEMORY				L8X30
	SERIES RESISTORS				L8X30

MEMXBA.DRW[CAD,RMW]	02-JAN-80  2331				H
	MULTIWIRE MEMORY				L8X30
	XBUS ADDRESS					L8X30

MEMXBD.DRW[CAD,RMW]	19-DEC-79  0647				H
	MULTIWIRE MEMORY				L8X30
	XBUS DATA					L8X30

MWXBUS.DRW[CAD,RMW]	02-JAN-80  2004				
	XBUS						LG684
	BACKPLANE CONNECTIONS				LG684

îMULTIWIRE MEMORY		CADRMW;MW PRT		08-JAN-80  2131

PART NUMBER	DIPTYPE		COUNT	DESCRIPTION				LOCATIONS

N/A		DUMMY		3	VALUE:47 OHMS				A04@02, C04@02, E04@02
		DUMMY		8						A05, B05, C05, D05, E05, F05, H05, J09@02
		4116VG		172						A06, A07, A08, A09, A10, A11, A12, A13, A14, A15
										A16, A17, A18, A19, A20, A21, A22, A23, A24, A25
										A26, A27, A28, A29, B06, B07, B08, B09, B10, B11
										B12, B13, B14, B15, B16, B17, B18, B19, B20, B21
										B22, B23, B24, B25, B26, B27, B28, B29, C06, C07
										C08, C09, C10, C11, C12, C13, C14, C15, C16, C17
										C18, C19, C20, C21, C22, C23, C24, C25, C26, C27
										C28, C29, D06, D07, D08, D09, D10, D11, D12, D13
										D14, D15, D16, D17, D18, D19, D20, D21, D22, D23
										D24, D25, D26, D27, D28, D29, D30, E06, E07, E08
										E09, E10, E11, E12, E13, E14, E15, E16, E17, E18
										E19, E20, E21, E22, E23, E24, E25, E26, E27, E28
										E29, E30, F06, F07, F08, F09, F10, F11, F12, F13
										F14, F15, F16, F17, F18, F19, F20, F21, F22, F23
										F24, F25, F26, F27, F28, F29, F30, H06, H07, H08
										H09, H10, H11, H12, H13, H14, H15, H16, H17, H18
										H19, H20, H21, H22, H23, H24, H25, H26, H27, H28
										H29, H30
		74S37		4						B03, C03, D03, E03
		74S241		3						B04, D04, F04
		EXAR-CL		1						D01
		74S240		2						D02, J07
		DUMMY20		1						E01
		25LS2539	1						E02
		74S74		1	COMMENT:;25 NS EARLY			F01
		74S74		1	COMMENT:;MIN TIME BETWEEN RAS'S ;IS 520	F01
		74S74		3						F02, F03, J01
		26S02		1	COMMENT:12 US				J02
		2DUMMY		1	VALUE:40 K				J02@01
		2DUMMY		1	VALUE:1000 PF				J02@02
		74S00		2						J03, J08
		74S374		2						J04, J05
		RES20		1	VALUE:470				J10
		74LS257		2						J12, J14
		74LS569		2						J13, J15
		26S10		12						J16, J20, J21, J22, J23, J24, J25, J26, J27, J28
										J29, J30
		74LS240		2						J17, J18
		DM8136		1						J19
